<?xml version="1.0" encoding="UTF-8"?>
<!-- Generated by org.testng.reporters.JUnitReportReporter -->
<testsuite hostname="laptop_msi" failures="0" tests="1" name="endtoend.testRunner.TestRunner" time="31.555" errors="0" timestamp="2024-01-15T00:55:18 CET" skipped="0">
  <testcase classname="endtoend.testRunner.TestRunner" name="runScenario" time="31.555"/>
</testsuite> <!-- endtoend.testRunner.TestRunner -->
